<?xml version="1.0" encoding="UTF-8"?>
<!-- Generated by org.testng.reporters.JUnitReportReporter -->
<testsuite hostname="SelotSofts-MacBook-Pro-3.local" failures="0" tests="1" name="TestRunner.AuthRunner" time="0.367" errors="0" timestamp="06 Oct 2018 07:25:37 GMT" skipped="0">
  <testcase classname="TestRunner.AuthRunner" name="feature" time="0.367"/>
</testsuite> <!-- TestRunner.AuthRunner -->
